<?xml version="1.0" encoding="UTF-8"?>
<testng-results ignored="0" total="5" passed="5" failed="0" skipped="0">
  <reporter-output>
  </reporter-output>
  <suite started-at="2022-04-26T15:54:24 CST" name="Default suite" finished-at="2022-04-26T15:55:36 CST" duration-ms="71394">
    <groups>
      <group name="cucumber">
        <method signature="AbstractTestNGCucumberTests.runScenario(io.cucumber.testng.PickleWrapper,io.cucumber.testng.FeatureWrapper)[pri:0, instance:com.qa.testrunners.TestRunners@1b11171f]" name="runScenario" class="io.cucumber.testng.AbstractTestNGCucumberTests"/>
      </group> <!-- cucumber -->
    </groups>
    <test started-at="2022-04-26T15:54:24 CST" name="Default test" finished-at="2022-04-26T15:55:36 CST" duration-ms="71394">
      <class name="com.qa.testrunners.TestRunners">
        <test-method is-config="true" signature="setUpClass(org.testng.ITestContext)[pri:0, instance:com.qa.testrunners.TestRunners@1b11171f]" started-at="2022-04-26T15:54:24 CST" name="setUpClass" finished-at="2022-04-26T15:54:25 CST" duration-ms="911" status="PASS">
          <params>
            <param index="0">
              <value>
                <![CDATA[org.testng.TestRunner@7c588adc]]>
              </value>
            </param>
          </params>
          <reporter-output>
          </reporter-output>
        </test-method> <!-- setUpClass -->
        <test-method signature="runScenario(io.cucumber.testng.PickleWrapper,io.cucumber.testng.FeatureWrapper)[pri:0, instance:com.qa.testrunners.TestRunners@1b11171f]" started-at="2022-04-26T15:54:25 CST" name="runScenario" description="Runs Cucumber Scenarios" data-provider="scenarios" finished-at="2022-04-26T15:54:43 CST" duration-ms="17324" status="PASS">
          <params>
            <param index="0">
              <value>
                <![CDATA["Validate search an item in google application"]]>
              </value>
            </param>
            <param index="1">
              <value>
                <![CDATA["Validate amazon web application for its functonality"]]>
              </value>
            </param>
          </params>
          <reporter-output>
          </reporter-output>
        </test-method> <!-- runScenario -->
        <test-method signature="runScenario(io.cucumber.testng.PickleWrapper,io.cucumber.testng.FeatureWrapper)[pri:0, instance:com.qa.testrunners.TestRunners@1b11171f]" started-at="2022-04-26T15:54:43 CST" name="runScenario" description="Runs Cucumber Scenarios" data-provider="scenarios" finished-at="2022-04-26T15:54:56 CST" duration-ms="13127" status="PASS">
          <params>
            <param index="0">
              <value>
                <![CDATA["Validate search an item in google application"]]>
              </value>
            </param>
            <param index="1">
              <value>
                <![CDATA["Validate amazon web application for its functonality"]]>
              </value>
            </param>
          </params>
          <reporter-output>
          </reporter-output>
        </test-method> <!-- runScenario -->
        <test-method signature="runScenario(io.cucumber.testng.PickleWrapper,io.cucumber.testng.FeatureWrapper)[pri:0, instance:com.qa.testrunners.TestRunners@1b11171f]" started-at="2022-04-26T15:54:56 CST" name="runScenario" description="Runs Cucumber Scenarios" data-provider="scenarios" finished-at="2022-04-26T15:55:09 CST" duration-ms="13489" status="PASS">
          <params>
            <param index="0">
              <value>
                <![CDATA["Validate search an item in google application"]]>
              </value>
            </param>
            <param index="1">
              <value>
                <![CDATA["Validate amazon web application for its functonality"]]>
              </value>
            </param>
          </params>
          <reporter-output>
          </reporter-output>
        </test-method> <!-- runScenario -->
        <test-method signature="runScenario(io.cucumber.testng.PickleWrapper,io.cucumber.testng.FeatureWrapper)[pri:0, instance:com.qa.testrunners.TestRunners@1b11171f]" started-at="2022-04-26T15:55:09 CST" name="runScenario" description="Runs Cucumber Scenarios" data-provider="scenarios" finished-at="2022-04-26T15:55:21 CST" duration-ms="12012" status="PASS">
          <params>
            <param index="0">
              <value>
                <![CDATA["Validate search an item in google application"]]>
              </value>
            </param>
            <param index="1">
              <value>
                <![CDATA["Validate amazon web application for its functonality"]]>
              </value>
            </param>
          </params>
          <reporter-output>
          </reporter-output>
        </test-method> <!-- runScenario -->
        <test-method signature="runScenario(io.cucumber.testng.PickleWrapper,io.cucumber.testng.FeatureWrapper)[pri:0, instance:com.qa.testrunners.TestRunners@1b11171f]" started-at="2022-04-26T15:55:21 CST" name="runScenario" description="Runs Cucumber Scenarios" data-provider="scenarios" finished-at="2022-04-26T15:55:33 CST" duration-ms="11840" status="PASS">
          <params>
            <param index="0">
              <value>
                <![CDATA["Validate search an item in google application"]]>
              </value>
            </param>
            <param index="1">
              <value>
                <![CDATA["Validate amazon web application for its functonality"]]>
              </value>
            </param>
          </params>
          <reporter-output>
          </reporter-output>
        </test-method> <!-- runScenario -->
        <test-method is-config="true" signature="tearDownClass()[pri:0, instance:com.qa.testrunners.TestRunners@1b11171f]" started-at="2022-04-26T15:55:33 CST" name="tearDownClass" finished-at="2022-04-26T15:55:36 CST" duration-ms="2623" status="PASS">
          <reporter-output>
          </reporter-output>
        </test-method> <!-- tearDownClass -->
      </class> <!-- com.qa.testrunners.TestRunners -->
    </test> <!-- Default test -->
  </suite> <!-- Default suite -->
</testng-results>
